TN:
SF:src/App.behavior.test.tsx
FN:80,renderApp
FNF:1
FNH:1
FNDA:3,renderApp
DA:1,1
DA:2,1
DA:9,1
DA:10,1
DA:11,1
DA:12,1
DA:80,1
DA:81,3
DA:82,3
DA:83,3
DA:84,3
DA:85,3
DA:86,3
DA:87,3
DA:89,1
DA:90,3
DA:91,3
DA:92,3
DA:93,3
DA:94,3
DA:96,1
DA:97,1
DA:98,1
DA:99,1
DA:100,1
DA:101,1
DA:102,1
DA:103,1
DA:104,1
DA:105,1
DA:107,1
DA:110,1
DA:111,1
DA:112,1
DA:115,1
DA:116,1
DA:117,1
DA:118,1
DA:120,1
DA:123,1
DA:124,1
DA:125,1
DA:126,1
DA:128,1
DA:129,1
DA:130,1
DA:131,1
DA:132,1
DA:133,1
DA:134,1
DA:135,1
DA:136,1
DA:137,1
DA:138,1
DA:139,1
DA:141,1
DA:144,1
DA:147,1
DA:149,1
DA:150,2
DA:151,1
DA:152,1
DA:153,1
DA:155,1
DA:156,1
DA:157,1
DA:158,1
DA:159,1
DA:161,1
DA:162,1
DA:163,1
DA:164,1
DA:165,1
LF:73
LH:73
BRDA:80,0,0,3
BRDA:89,1,0,3
BRDA:96,2,0,1
BRDA:97,3,0,1
BRDA:128,4,0,1
BRDA:129,5,0,1
BRDA:149,6,0,2
BRDA:155,7,0,1
BRDA:156,8,0,1
BRF:9
BRH:9
end_of_record
TN:
SF:src/App.more.test.tsx
FN:100,renderApp
FN:229,signErrorOnce
FNF:2
FNH:2
FNDA:9,renderApp
FNDA:1,signErrorOnce
DA:1,1
DA:2,1
DA:13,1
DA:14,1
DA:15,1
DA:16,1
DA:17,1
DA:18,1
DA:19,1
DA:100,1
DA:101,9
DA:102,9
DA:103,9
DA:104,9
DA:105,9
DA:106,9
DA:107,9
DA:109,1
DA:110,9
DA:111,9
DA:112,9
DA:113,9
DA:114,9
DA:115,9
DA:116,9
DA:117,9
DA:118,9
DA:120,1
DA:121,1
DA:122,1
DA:124,1
DA:126,1
DA:127,1
DA:129,1
DA:130,1
DA:132,1
DA:133,1
DA:135,1
DA:136,1
DA:138,1
DA:139,1
DA:140,1
DA:141,1
DA:143,1
DA:144,1
DA:145,1
DA:146,1
DA:148,1
DA:149,1
DA:150,1
DA:152,1
DA:153,1
DA:154,1
DA:155,1
DA:156,1
DA:157,1
DA:158,1
DA:159,1
DA:160,1
DA:162,1
DA:163,1
DA:164,1
DA:165,1
DA:166,1
DA:167,1
DA:168,1
DA:169,1
DA:170,1
DA:171,1
DA:172,1
DA:174,1
DA:175,1
DA:176,5
DA:177,1
DA:179,1
DA:180,1
DA:181,1
DA:182,1
DA:183,1
DA:184,1
DA:185,1
DA:187,1
DA:188,1
DA:189,1
DA:190,1
DA:191,1
DA:192,1
DA:193,1
DA:194,1
DA:195,1
DA:196,1
DA:197,1
DA:199,1
DA:200,1
DA:201,1
DA:202,1
DA:203,1
DA:204,1
DA:206,1
DA:207,1
DA:208,1
DA:209,1
DA:210,1
DA:211,1
DA:213,1
DA:214,1
DA:215,1
DA:216,1
DA:217,1
DA:221,1
DA:222,1
DA:223,1
DA:224,1
DA:226,1
DA:228,1
DA:229,1
DA:231,1
DA:232,1
DA:234,1
DA:235,1
DA:236,1
LF:121
LH:121
BRDA:100,0,0,9
BRDA:109,1,0,9
BRDA:120,2,0,1
BRDA:121,3,0,1
BRDA:143,4,0,1
BRDA:144,5,0,1
BRDA:152,6,0,1
BRDA:153,7,0,1
BRDA:162,8,0,1
BRDA:163,9,0,1
BRDA:174,10,0,1
BRDA:175,11,0,5
BRDA:179,12,0,1
BRDA:187,13,0,1
BRDA:199,14,0,1
BRDA:206,15,0,1
BRDA:221,16,0,1
BRDA:224,17,0,1
BRDA:228,18,0,1
BRDA:229,19,0,1
BRDA:232,20,0,1
BRDA:234,21,0,1
BRF:22
BRH:22
end_of_record
TN:
SF:src/App.render.test.tsx
FN:67,renderApp
FNF:1
FNH:1
FNDA:2,renderApp
DA:1,1
DA:2,1
DA:66,1
DA:67,1
DA:68,2
DA:69,2
DA:70,2
DA:71,2
DA:72,2
DA:73,2
DA:74,2
DA:76,1
DA:77,1
DA:78,1
DA:79,1
DA:80,1
DA:81,1
DA:82,1
DA:83,1
DA:85,1
DA:86,1
DA:87,1
DA:88,1
DA:89,1
DA:90,1
LF:25
LH:25
BRDA:66,0,0,1
BRDA:67,1,0,2
BRDA:76,2,0,1
BRDA:85,3,0,1
BRF:4
BRH:4
end_of_record
TN:
SF:src/App.test.tsx
FNF:0
FNH:0
DA:1,1
DA:2,1
DA:4,1
DA:5,1
DA:6,1
DA:7,1
DA:8,1
DA:9,1
DA:11,1
DA:12,1
DA:13,1
DA:14,1
DA:15,1
DA:16,1
DA:17,1
DA:19,1
DA:20,1
DA:21,1
DA:22,1
DA:23,1
DA:24,1
DA:25,1
DA:26,1
DA:27,1
DA:28,1
DA:29,1
DA:30,1
DA:31,1
DA:32,1
DA:33,1
DA:34,1
DA:36,1
DA:37,1
DA:38,1
DA:39,1
DA:40,1
DA:41,1
LF:37
LH:37
BRDA:4,0,0,1
BRDA:5,1,0,1
BRDA:11,2,0,1
BRDA:12,3,0,1
BRDA:19,4,0,1
BRDA:20,5,0,1
BRDA:36,6,0,1
BRDA:37,7,0,1
BRF:8
BRH:8
end_of_record
TN:
SF:src/App.tsx
FN:30,App
FN:35,onHash
FN:61,onSelect
FN:77,Header
FN:79,setNet
FN:88,onClick
FN:89,onClick
FN:90,onClick
FN:95,onChange
FN:111,Main
FN:159,SideNav
FN:167,onClick
FN:168,onClick
FN:169,onClick
FN:170,onClick
FN:171,onClick
FN:179,onClick
FN:186,NavItem
FN:209,InfoBox
FN:218,SignBytesPanel
FN:227,doSign
FN:242,doSignExecute
FN:270,onChange
FN:290,KeyValueRow
FN:300,CoinGroups
FN:306,refresh
FN:345,fetchAllCoins
FN:369,CoinRow
FN:379,mergeAll
FN:428,useCoinMetadata
FN:432,queryFn
FN:439,CopyButton
FN:441,onCopy
FN:462,SplitCoinsPanel
FN:469,onSplit
FN:487,onSuccess
FN:495,onError
FN:506,onChange
FN:509,onChange
FN:519,TransferObjectPanel
FN:526,onTransfer
FN:539,onSuccess
FN:547,onError
FN:558,onChange
FN:561,onChange
FN:571,Field
FN:582,getUtilFromHash
FN:594,ClaimSwapRewardsPanel
FN:615,refreshRewardBalances
FN:635,autoDetectPositionCap
FN:647,detectClaimable
FN:674,buildClaimAllTx
FN:687,doClaim
FN:706,onSuccess
FN:715,onError
FN:721,doSwapAll
FN:733,toRaw
FN:768,onSuccess
FN:769,onError
FN:815,doClaimSwapCetus
FN:841,doSwapAllCetus
FN:989,onChange
FN:992,onChange
FN:1016,onChange
FN:1028,onClick
FN:1048,onClick
FN:1068,onClick
FN:1090,onClick
FN:1108,BestQuoteSwapPanel
FN:1114,onQuote
FN:1127,onChange
FN:1130,onChange
FN:1133,onChange
FNF:73
FNH:53
FNDA:30,App
FNDA:20,onHash
FNDA:14,onSelect
FNDA:30,Header
FNDA:2,setNet
FNDA:0,onClick
FNDA:1,onClick
FNDA:1,onClick
FNDA:0,onChange
FNDA:30,Main
FNDA:30,SideNav
FNDA:1,onClick
FNDA:3,onClick
FNDA:2,onClick
FNDA:2,onClick
FNDA:3,onClick
FNDA:3,onClick
FNDA:180,NavItem
FNDA:15,InfoBox
FNDA:5,SignBytesPanel
FNDA:1,doSign
FNDA:0,doSignExecute
FNDA:0,onChange
FNDA:0,KeyValueRow
FNDA:29,CoinGroups
FNDA:20,refresh
FNDA:20,fetchAllCoins
FNDA:6,CoinRow
FNDA:0,mergeAll
FNDA:6,useCoinMetadata
FNDA:3,queryFn
FNDA:6,CopyButton
FNDA:0,onCopy
FNDA:3,SplitCoinsPanel
FNDA:1,onSplit
FNDA:1,onSuccess
FNDA:0,onError
FNDA:1,onChange
FNDA:1,onChange
FNDA:3,TransferObjectPanel
FNDA:1,onTransfer
FNDA:1,onSuccess
FNDA:0,onError
FNDA:1,onChange
FNDA:1,onChange
FNDA:73,Field
FNDA:34,getUtilFromHash
FNDA:8,ClaimSwapRewardsPanel
FNDA:0,refreshRewardBalances
FNDA:2,autoDetectPositionCap
FNDA:2,detectClaimable
FNDA:2,buildClaimAllTx
FNDA:2,doClaim
FNDA:2,onSuccess
FNDA:0,onError
FNDA:1,doSwapAll
FNDA:1,toRaw
FNDA:0,onSuccess
FNDA:1,onError
FNDA:0,doClaimSwapCetus
FNDA:0,doSwapAllCetus
FNDA:0,onChange
FNDA:0,onChange
FNDA:0,onChange
FNDA:0,onClick
FNDA:0,onClick
FNDA:0,onClick
FNDA:2,onClick
FNDA:7,BestQuoteSwapPanel
FNDA:2,onQuote
FNDA:1,onChange
FNDA:1,onChange
FNDA:1,onChange
DA:1,1
DA:25,1
DA:26,1
DA:27,1
DA:28,1
DA:30,1
DA:31,30
DA:32,30
DA:34,30
DA:35,14
DA:36,14
DA:37,14
DA:38,30
DA:40,30
DA:41,30
DA:42,30
DA:43,30
DA:45,30
DA:46,16
DA:47,11
DA:48,1
DA:49,0
DA:50,30
DA:52,30
DA:53,30
DA:54,30
DA:55,30
DA:56,30
DA:57,30
DA:58,30
DA:59,30
DA:60,30
DA:61,30
DA:62,14
DA:63,14
DA:64,14
DA:65,30
DA:66,30
DA:67,30
DA:68,30
DA:69,30
DA:70,30
DA:71,30
DA:72,30
DA:73,30
DA:75,30
DA:77,30
DA:78,30
DA:79,30
DA:80,2
DA:81,2
DA:82,2
DA:83,30
DA:84,30
DA:85,30
DA:86,30
DA:87,30
DA:88,30
DA:89,30
DA:90,30
DA:91,30
DA:92,30
DA:93,30
DA:94,30
DA:95,30
DA:96,0
DA:97,0
DA:98,0
DA:99,0
DA:100,0
DA:101,0
DA:102,0
DA:103,30
DA:104,30
DA:105,30
DA:106,30
DA:107,30
DA:109,30
DA:111,30
DA:112,30
DA:113,30
DA:114,4
DA:115,4
DA:116,4
DA:117,4
DA:118,3
DA:120,4
DA:122,4
DA:123,30
DA:124,4
DA:125,2
DA:127,2
DA:129,4
DA:130,30
DA:131,3
DA:132,1
DA:134,2
DA:136,3
DA:137,30
DA:138,2
DA:139,1
DA:141,1
DA:143,2
DA:144,30
DA:145,2
DA:146,1
DA:148,1
DA:150,2
DA:152,15
DA:153,7
DA:155,8
DA:157,30
DA:159,30
DA:160,30
DA:161,30
DA:162,30
DA:163,30
DA:165,30
DA:166,30
DA:167,30
DA:168,30
DA:169,30
DA:170,30
DA:171,30
DA:172,30
DA:173,30
DA:174,30
DA:175,30
DA:177,30
DA:178,30
DA:179,30
DA:180,30
DA:181,30
DA:182,30
DA:184,30
DA:186,180
DA:187,180
DA:188,180
DA:189,180
DA:190,180
DA:191,180
DA:192,180
DA:193,180
DA:194,180
DA:195,180
DA:196,180
DA:197,180
DA:198,180
DA:199,180
DA:200,180
DA:201,180
DA:203,180
DA:204,180
DA:205,180
DA:207,180
DA:209,15
DA:210,15
DA:211,15
DA:212,15
DA:213,15
DA:214,15
DA:216,15
DA:218,5
DA:219,5
DA:220,5
DA:221,5
DA:222,5
DA:223,5
DA:224,5
DA:225,5
DA:227,5
DA:228,1
DA:229,1
DA:230,1
DA:231,1
DA:232,0
DA:233,0
DA:234,0
DA:235,1
DA:236,1
DA:237,1
DA:238,1
DA:239,1
DA:240,1
DA:242,5
DA:243,0
DA:244,0
DA:245,0
DA:246,0
DA:247,0
DA:248,0
DA:249,0
DA:250,0
DA:251,0
DA:252,0
DA:253,0
DA:254,0
DA:255,0
DA:256,0
DA:257,0
DA:258,0
DA:259,0
DA:260,0
DA:262,5
DA:263,5
DA:264,5
DA:265,5
DA:266,5
DA:267,5
DA:268,5
DA:269,5
DA:270,5
DA:271,5
DA:272,5
DA:273,5
DA:274,5
DA:275,5
DA:276,5
DA:277,5
DA:278,5
DA:279,0
DA:280,0
DA:281,0
DA:282,0
DA:283,0
DA:285,5
DA:286,5
DA:288,5
DA:290,0
DA:291,0
DA:292,0
DA:293,0
DA:294,0
DA:295,0
DA:296,0
DA:298,0
DA:300,29
DA:301,29
DA:302,29
DA:303,29
DA:304,29
DA:306,29
DA:307,20
DA:308,20
DA:309,20
DA:310,20
DA:311,20
DA:312,20
DA:313,20
DA:314,0
DA:315,20
DA:316,20
DA:317,20
DA:318,20
DA:320,29
DA:322,29
DA:323,29
DA:324,29
DA:325,29
DA:326,29
DA:327,29
DA:328,29
DA:329,29
DA:330,29
DA:331,29
DA:332,29
DA:333,29
DA:334,29
DA:335,29
DA:336,29
DA:337,29
DA:338,29
DA:339,29
DA:340,29
DA:341,29
DA:343,29
DA:345,20
DA:346,20
DA:347,20
DA:348,20
DA:349,20
DA:350,20
DA:351,20
DA:352,0
DA:353,0
DA:354,20
DA:355,20
DA:357,1
DA:358,1
DA:359,1
DA:360,1
DA:361,1
DA:362,1
DA:363,1
DA:364,1
DA:365,1
DA:366,1
DA:367,1
DA:369,6
DA:370,6
DA:371,6
DA:372,6
DA:373,6
DA:374,6
DA:376,6
DA:377,6
DA:379,6
DA:380,0
DA:381,0
DA:382,0
DA:383,0
DA:384,0
DA:385,0
DA:387,0
DA:388,0
DA:390,0
DA:391,0
DA:392,0
DA:393,0
DA:394,0
DA:395,0
DA:396,0
DA:397,0
DA:398,0
DA:399,0
DA:400,0
DA:401,0
DA:402,0
DA:403,0
DA:404,0
DA:405,0
DA:406,0
DA:407,0
DA:408,0
DA:409,0
DA:410,0
DA:412,6
DA:413,6
DA:414,6
DA:415,6
DA:416,6
DA:417,6
DA:418,6
DA:419,6
DA:420,6
DA:421,6
DA:422,6
DA:423,6
DA:424,6
DA:426,6
DA:428,6
DA:429,6
DA:430,6
DA:431,6
DA:432,6
DA:433,3
DA:434,3
DA:435,6
DA:436,6
DA:437,6
DA:439,6
DA:440,6
DA:441,6
DA:442,0
DA:443,0
DA:444,6
DA:445,6
DA:446,6
DA:447,0
DA:448,0
DA:449,0
DA:451,6
DA:452,6
DA:453,6
DA:454,6
DA:456,6
DA:458,6
DA:462,3
DA:463,3
DA:464,3
DA:465,3
DA:466,3
DA:467,3
DA:469,3
DA:470,1
DA:471,1
DA:472,1
DA:473,1
DA:474,2
DA:475,2
DA:476,2
DA:477,1
DA:478,1
DA:480,1
DA:481,1
DA:482,1
DA:484,1
DA:485,1
DA:486,1
DA:487,1
DA:488,1
DA:489,1
DA:490,1
DA:491,1
DA:492,0
DA:493,0
DA:494,1
DA:495,1
DA:496,1
DA:497,1
DA:498,1
DA:499,1
DA:501,3
DA:502,3
DA:503,3
DA:504,3
DA:505,3
DA:506,3
DA:507,3
DA:508,3
DA:509,3
DA:510,3
DA:511,3
DA:512,3
DA:513,3
DA:514,3
DA:515,3
DA:517,3
DA:519,3
DA:520,3
DA:521,3
DA:522,3
DA:523,3
DA:524,3
DA:526,3
DA:527,1
DA:528,1
DA:529,1
DA:530,1
DA:531,1
DA:533,1
DA:534,1
DA:536,1
DA:537,1
DA:538,1
DA:539,1
DA:540,1
DA:541,1
DA:542,1
DA:543,1
DA:544,0
DA:545,0
DA:546,1
DA:547,1
DA:548,1
DA:549,1
DA:550,1
DA:551,1
DA:553,3
DA:554,3
DA:555,3
DA:556,3
DA:557,3
DA:558,3
DA:559,3
DA:560,3
DA:561,3
DA:562,3
DA:563,3
DA:564,3
DA:565,3
DA:566,3
DA:567,3
DA:569,3
DA:571,73
DA:572,73
DA:573,73
DA:574,73
DA:575,73
DA:576,73
DA:578,73
DA:580,1
DA:582,34
DA:583,34
DA:584,34
DA:585,34
DA:586,34
DA:587,32
DA:588,34
DA:589,21
DA:590,21
DA:594,8
DA:595,8
DA:596,8
DA:597,8
DA:598,8
DA:599,8
DA:601,8
DA:602,8
DA:603,8
DA:604,8
DA:605,8
DA:606,8
DA:607,8
DA:608,8
DA:609,8
DA:610,8
DA:612,8
DA:613,8
DA:615,8
DA:616,0
DA:617,0
DA:618,0
DA:619,0
DA:620,0
DA:621,0
DA:622,0
DA:623,0
DA:624,0
DA:625,0
DA:626,0
DA:627,0
DA:628,0
DA:629,0
DA:630,0
DA:631,0
DA:632,0
DA:633,0
DA:635,8
DA:636,2
DA:637,2
DA:638,2
DA:639,2
DA:640,2
DA:641,0
DA:642,2
DA:643,0
DA:644,0
DA:645,2
DA:647,8
DA:648,2
DA:649,2
DA:650,2
DA:651,2
DA:652,2
DA:653,2
DA:654,2
DA:655,2
DA:656,2
DA:657,2
DA:658,3
DA:659,3
DA:660,3
DA:661,2
DA:662,2
DA:663,2
DA:664,0
DA:665,0
DA:666,0
DA:667,2
DA:668,0
DA:669,0
DA:670,0
DA:671,2
DA:672,2
DA:674,8
DA:675,2
DA:676,2
DA:677,2
DA:678,2
DA:679,2
DA:680,2
DA:681,2
DA:682,2
DA:683,2
DA:684,2
DA:685,2
DA:687,8
DA:688,2
DA:689,2
DA:691,2
DA:692,2
DA:693,2
DA:694,2
DA:695,2
DA:696,2
DA:697,2
DA:698,2
DA:699,2
DA:700,2
DA:701,2
DA:702,2
DA:703,2
DA:704,2
DA:705,2
DA:706,2
DA:707,2
DA:709,2
DA:710,2
DA:711,0
DA:712,0
DA:713,0
DA:714,2
DA:715,2
DA:716,2
DA:717,2
DA:718,2
DA:719,2
DA:721,8
DA:722,1
DA:723,1
DA:724,1
DA:725,0
DA:726,0
DA:727,0
DA:728,1
DA:729,1
DA:730,1
DA:731,1
DA:732,1
DA:733,1
DA:734,1
DA:735,1
DA:736,1
DA:737,0
DA:738,0
DA:739,1
DA:740,1
DA:741,1
DA:742,1
DA:743,1
DA:744,1
DA:745,1
DA:746,1
DA:747,1
DA:748,0
DA:749,1
DA:750,1
DA:751,1
DA:752,1
DA:753,1
DA:754,1
DA:755,1
DA:756,1
DA:757,1
DA:758,1
DA:759,1
DA:760,1
DA:761,1
DA:762,1
DA:763,1
DA:764,1
DA:765,1
DA:766,1
DA:767,1
DA:768,1
DA:769,1
DA:770,1
DA:771,1
DA:772,0
DA:773,1
DA:775,1
DA:776,1
DA:777,1
DA:778,0
DA:779,0
DA:780,0
DA:781,0
DA:782,0
DA:783,0
DA:784,0
DA:785,0
DA:786,0
DA:787,0
DA:788,0
DA:789,0
DA:790,0
DA:791,0
DA:792,0
DA:793,0
DA:794,0
DA:795,0
DA:796,0
DA:797,1
DA:798,1
DA:799,1
DA:800,1
DA:801,1
DA:802,1
DA:803,1
DA:804,1
DA:805,1
DA:806,1
DA:807,0
DA:808,1
DA:809,1
DA:810,1
DA:811,1
DA:812,1
DA:813,1
DA:815,8
DA:816,0
DA:817,0
DA:818,0
DA:819,0
DA:820,0
DA:821,0
DA:822,0
DA:823,0
DA:824,0
DA:825,0
DA:826,0
DA:827,0
DA:828,0
DA:829,0
DA:830,0
DA:831,0
DA:832,0
DA:833,0
DA:834,0
DA:835,0
DA:836,0
DA:837,0
DA:838,0
DA:839,0
DA:841,8
DA:842,0
DA:843,0
DA:844,0
DA:845,0
DA:846,0
DA:847,0
DA:848,0
DA:849,0
DA:850,0
DA:851,0
DA:852,0
DA:853,0
DA:854,0
DA:855,0
DA:856,0
DA:857,0
DA:858,0
DA:859,0
DA:860,0
DA:861,0
DA:862,0
DA:863,0
DA:864,0
DA:865,0
DA:866,0
DA:867,0
DA:868,0
DA:869,0
DA:870,0
DA:871,0
DA:872,0
DA:873,0
DA:874,0
DA:875,0
DA:876,0
DA:877,0
DA:878,0
DA:879,0
DA:880,0
DA:881,0
DA:882,0
DA:883,0
DA:884,0
DA:885,0
DA:887,0
DA:888,0
DA:889,0
DA:890,0
DA:891,0
DA:892,0
DA:893,0
DA:894,0
DA:896,0
DA:897,0
DA:898,0
DA:899,0
DA:900,0
DA:901,0
DA:902,0
DA:903,0
DA:904,0
DA:905,0
DA:906,0
DA:907,0
DA:908,0
DA:909,0
DA:910,0
DA:911,0
DA:912,0
DA:913,0
DA:915,0
DA:916,0
DA:917,0
DA:918,0
DA:919,0
DA:920,0
DA:921,0
DA:922,0
DA:923,0
DA:924,0
DA:925,0
DA:926,0
DA:927,0
DA:928,0
DA:929,0
DA:930,0
DA:931,0
DA:932,0
DA:933,0
DA:934,0
DA:935,0
DA:936,0
DA:937,0
DA:938,0
DA:939,0
DA:940,0
DA:941,0
DA:942,0
DA:943,0
DA:944,0
DA:945,0
DA:946,0
DA:947,0
DA:948,0
DA:949,0
DA:950,0
DA:951,0
DA:952,0
DA:953,0
DA:954,0
DA:955,0
DA:956,0
DA:957,0
DA:960,8
DA:961,2
DA:962,2
DA:963,2
DA:964,2
DA:965,2
DA:966,2
DA:967,2
DA:968,2
DA:969,2
DA:970,2
DA:971,2
DA:972,8
DA:974,8
DA:975,8
DA:976,8
DA:977,8
DA:978,8
DA:979,8
DA:980,8
DA:981,8
DA:982,8
DA:983,8
DA:984,8
DA:985,8
DA:986,8
DA:987,8
DA:988,8
DA:989,8
DA:990,8
DA:991,8
DA:992,8
DA:993,8
DA:994,8
DA:995,8
DA:996,8
DA:997,8
DA:998,8
DA:999,8
DA:1000,8
DA:1001,8
DA:1002,6
DA:1003,2
DA:1004,8
DA:1005,8
DA:1006,8
DA:1007,8
DA:1008,8
DA:1009,8
DA:1010,8
DA:1011,8
DA:1012,8
DA:1013,8
DA:1014,8
DA:1015,8
DA:1016,8
DA:1017,8
DA:1018,8
DA:1019,8
DA:1020,8
DA:1021,8
DA:1022,8
DA:1023,8
DA:1024,8
DA:1025,8
DA:1026,8
DA:1027,8
DA:1028,8
DA:1029,8
DA:1030,8
DA:1031,8
DA:1032,8
DA:1033,8
DA:1034,8
DA:1035,8
DA:1036,8
DA:1037,8
DA:1038,8
DA:1039,8
DA:1040,8
DA:1041,8
DA:1042,8
DA:1043,8
DA:1045,8
DA:1046,8
DA:1047,8
DA:1048,8
DA:1049,8
DA:1050,8
DA:1051,8
DA:1052,8
DA:1053,8
DA:1054,8
DA:1055,8
DA:1056,8
DA:1057,8
DA:1058,8
DA:1059,8
DA:1060,8
DA:1061,8
DA:1062,8
DA:1063,8
DA:1065,8
DA:1066,8
DA:1067,8
DA:1068,8
DA:1069,8
DA:1070,8
DA:1071,8
DA:1072,8
DA:1073,8
DA:1074,8
DA:1075,8
DA:1076,8
DA:1077,8
DA:1078,8
DA:1079,8
DA:1080,8
DA:1081,8
DA:1082,8
DA:1084,8
DA:1085,8
DA:1086,8
DA:1087,8
DA:1088,8
DA:1089,8
DA:1090,8
DA:1091,8
DA:1092,8
DA:1094,0
DA:1095,0
DA:1096,0
DA:1098,8
DA:1099,4
DA:1100,4
DA:1101,4
DA:1103,8
DA:1104,8
DA:1106,8
DA:1108,7
DA:1109,7
DA:1110,7
DA:1111,7
DA:1112,7
DA:1114,7
DA:1115,2
DA:1116,1
DA:1117,1
DA:1118,1
DA:1119,1
DA:1120,2
DA:1122,7
DA:1123,7
DA:1124,7
DA:1125,7
DA:1126,7
DA:1127,7
DA:1128,7
DA:1129,7
DA:1130,7
DA:1131,7
DA:1132,7
DA:1133,7
DA:1134,7
DA:1135,7
DA:1136,7
DA:1137,7
DA:1138,7
DA:1139,7
DA:1140,7
DA:1142,7
LF:1010
LH:730
BRDA:30,0,0,30
BRDA:32,1,0,14
BRDA:34,2,0,14
BRDA:35,3,0,20
BRDA:37,4,0,14
BRDA:41,5,0,16
BRDA:45,6,0,16
BRDA:46,7,0,14
BRDA:46,8,0,11
BRDA:46,9,0,2
BRDA:47,10,0,1
BRDA:48,11,0,0
BRDA:61,12,0,14
BRDA:77,13,0,30
BRDA:79,14,0,2
BRDA:89,15,0,1
BRDA:90,16,0,1
BRDA:111,17,0,30
BRDA:113,18,0,4
BRDA:117,19,0,3
BRDA:122,20,0,26
BRDA:123,21,0,4
BRDA:124,22,0,2
BRDA:125,23,0,2
BRDA:129,24,0,22
BRDA:130,25,0,3
BRDA:131,26,0,1
BRDA:132,27,0,2
BRDA:136,28,0,19
BRDA:137,29,0,2
BRDA:138,30,0,1
BRDA:139,31,0,1
BRDA:143,32,0,17
BRDA:144,33,0,2
BRDA:145,34,0,1
BRDA:146,35,0,1
BRDA:150,36,0,29
BRDA:150,37,0,15
BRDA:152,38,0,7
BRDA:153,39,0,8
BRDA:159,40,0,30
BRDA:167,41,0,1
BRDA:168,42,0,3
BRDA:169,43,0,2
BRDA:170,44,0,2
BRDA:171,45,0,3
BRDA:179,46,0,3
BRDA:186,47,0,180
BRDA:195,48,0,30
BRDA:195,49,0,150
BRDA:201,50,0,30
BRDA:201,51,0,150
BRDA:209,52,0,15
BRDA:218,53,0,5
BRDA:271,54,0,2
BRDA:271,55,0,2
BRDA:274,56,0,2
BRDA:274,57,0,2
BRDA:274,58,0,0
BRDA:275,59,0,2
BRDA:275,60,0,2
BRDA:275,61,0,0
BRDA:277,62,0,1
BRDA:278,63,0,0
BRDA:227,64,0,1
BRDA:231,65,0,0
BRDA:236,66,0,0
BRDA:300,67,0,29
BRDA:326,68,0,19
BRDA:326,69,0,10
BRDA:328,70,0,0
BRDA:338,71,0,24
BRDA:306,72,0,20
BRDA:313,73,0,0
BRDA:320,74,0,20
BRDA:337,75,0,6
BRDA:345,76,0,20
BRDA:351,77,0,0
BRDA:350,78,0,14
BRDA:369,79,0,6
BRDA:376,80,0,2
BRDA:377,81,0,2
BRDA:377,82,0,0
BRDA:419,83,0,2
BRDA:419,84,0,4
BRDA:421,85,0,1
BRDA:421,86,0,0
BRDA:423,87,0,0
BRDA:428,88,0,6
BRDA:432,89,0,3
BRDA:433,90,0,0
BRDA:433,91,0,0
BRDA:439,92,0,6
BRDA:446,93,0,0
BRDA:462,94,0,3
BRDA:512,95,0,0
BRDA:469,96,0,1
BRDA:472,97,0,0
BRDA:478,98,0,0
BRDA:498,99,0,0
BRDA:473,100,0,2
BRDA:473,101,0,2
BRDA:475,102,0,0
BRDA:481,103,0,2
BRDA:487,104,0,1
BRDA:488,105,0,0
BRDA:491,106,0,0
BRDA:506,107,0,1
BRDA:509,108,0,1
BRDA:519,109,0,3
BRDA:564,110,0,0
BRDA:526,111,0,1
BRDA:530,112,0,0
BRDA:531,113,0,0
BRDA:550,114,0,0
BRDA:539,115,0,1
BRDA:540,116,0,0
BRDA:543,117,0,0
BRDA:558,118,0,1
BRDA:561,119,0,1
BRDA:571,120,0,73
BRDA:582,121,0,34
BRDA:583,122,0,0
BRDA:584,123,0,2
BRDA:584,124,0,32
BRDA:585,125,0,0
BRDA:585,126,0,32
BRDA:586,127,0,0
BRDA:586,128,0,32
BRDA:587,129,0,11
BRDA:587,130,0,21
BRDA:588,131,0,0
BRDA:588,132,0,21
BRDA:594,133,0,8
BRDA:981,134,0,2
BRDA:1001,135,0,6
BRDA:1001,136,0,6
BRDA:1002,137,0,2
BRDA:1005,138,0,2
BRDA:1008,139,0,0
BRDA:1033,140,0,0
BRDA:1034,141,0,0
BRDA:1053,142,0,0
BRDA:1054,143,0,0
BRDA:1073,144,0,0
BRDA:1074,145,0,0
BRDA:1090,146,0,0
BRDA:1091,147,0,1
BRDA:1091,148,0,7
BRDA:1092,149,0,0
BRDA:1098,150,0,4
BRDA:1098,151,0,4
BRDA:635,152,0,2
BRDA:636,153,0,0
BRDA:638,154,0,0
BRDA:640,155,0,0
BRDA:642,156,0,0
BRDA:647,157,0,2
BRDA:648,158,0,0
BRDA:651,159,0,0
BRDA:657,160,0,0
BRDA:663,161,0,0
BRDA:667,162,0,0
BRDA:657,163,0,3
BRDA:659,164,0,0
BRDA:674,165,0,2
BRDA:675,166,0,0
BRDA:676,167,0,0
BRDA:687,168,0,2
BRDA:689,169,0,0
BRDA:718,170,0,0
BRDA:691,171,0,2
BRDA:692,172,0,0
BRDA:695,173,0,0
BRDA:697,174,0,0
BRDA:697,175,0,3
BRDA:700,176,0,3
BRDA:700,177,0,0
BRDA:701,178,0,3
BRDA:706,179,0,2
BRDA:710,180,0,0
BRDA:721,181,0,1
BRDA:723,182,0,0
BRDA:724,183,0,0
BRDA:747,184,0,0
BRDA:749,185,0,0
BRDA:752,186,0,0
BRDA:754,187,0,0
BRDA:764,188,0,0
BRDA:765,189,0,0
BRDA:771,190,0,0
BRDA:777,191,0,0
BRDA:799,192,0,0
BRDA:800,193,0,0
BRDA:804,194,0,0
BRDA:806,195,0,0
BRDA:811,196,0,0
BRDA:733,197,0,1
BRDA:734,198,0,0
BRDA:736,199,0,0
BRDA:739,200,0,0
BRDA:740,201,0,0
BRDA:740,202,0,0
BRDA:766,203,0,1
BRDA:769,204,0,1
BRDA:776,205,0,1
BRDA:776,206,0,0
BRDA:776,207,0,0
BRDA:960,208,0,2
BRDA:965,209,0,2
BRDA:969,210,0,0
BRDA:1002,211,0,8
BRDA:1090,212,0,2
BRDA:1100,213,0,5
BRDA:1100,214,0,0
BRDA:1100,215,0,0
BRDA:1108,216,0,7
BRDA:1138,217,0,2
BRDA:1114,218,0,2
BRDA:1115,219,0,1
BRDA:1115,220,0,1
BRDA:1115,221,0,1
BRDA:1127,222,0,1
BRDA:1130,223,0,1
BRDA:1133,224,0,1
BRF:225
BRH:140
end_of_record
TN:
SF:src/main.test.tsx
FNF:0
FNH:0
DA:1,1
DA:2,1
DA:4,1
DA:5,1
DA:36,1
DA:37,1
DA:38,1
DA:39,1
DA:40,1
DA:41,1
DA:43,1
DA:44,1
DA:45,1
DA:46,1
DA:47,1
DA:49,1
DA:50,1
DA:51,1
DA:52,1
LF:19
LH:19
BRDA:5,0,0,1
BRDA:36,1,0,1
BRDA:37,2,0,1
BRDA:43,3,0,1
BRF:4
BRH:4
end_of_record
TN:
SF:src/main.tsx
FNF:0
FNH:0
DA:1,1
DA:2,1
DA:3,1
DA:4,1
DA:6,1
DA:8,1
DA:9,1
DA:10,1
DA:11,1
DA:12,1
DA:13,1
DA:14,1
LF:12
LH:12
BRF:0
BRH:0
end_of_record
TN:
SF:src/toast.tsx
FN:15,useToast
FN:21,ToastProvider
FN:38,success
FN:39,error
FN:40,info
FN:51,ToastContainer
FN:64,onClick
FNF:7
FNH:4
FNDA:6,useToast
FNDA:10,ToastProvider
FNDA:2,success
FNDA:0,error
FNDA:0,info
FNDA:10,ToastContainer
FNDA:0,onClick
DA:1,1
DA:13,1
DA:15,1
DA:16,6
DA:17,6
DA:18,6
DA:19,6
DA:21,1
DA:22,10
DA:23,10
DA:25,10
DA:26,0
DA:27,10
DA:29,10
DA:30,2
DA:31,2
DA:32,2
DA:33,2
DA:34,10
DA:36,10
DA:37,5
DA:38,5
DA:39,5
DA:40,5
DA:41,10
DA:43,10
DA:44,10
DA:45,10
DA:46,10
DA:47,10
DA:49,10
DA:51,10
DA:52,10
DA:53,10
DA:54,10
DA:55,3
DA:56,3
DA:57,3
DA:58,3
DA:59,1
DA:60,1
DA:61,1
DA:63,3
DA:64,3
DA:65,3
DA:66,10
DA:67,10
DA:69,10
DA:71,1
DA:72,1
DA:73,1
DA:74,1
DA:75,1
DA:76,1
DA:77,1
DA:78,1
DA:79,1
DA:81,1
DA:82,1
DA:83,1
DA:84,1
DA:85,1
DA:86,1
DA:87,1
DA:88,1
DA:89,1
DA:90,1
DA:91,1
DA:92,1
DA:93,1
DA:94,1
DA:96,1
DA:97,1
DA:98,1
DA:100,1
DA:101,1
DA:102,1
DA:103,1
DA:104,1
DA:105,1
DA:106,1
DA:107,1
DA:108,1
DA:109,1
DA:110,1
DA:111,1
DA:112,1
DA:114,1
DA:115,1
DA:116,1
DA:117,1
DA:118,1
DA:119,1
DA:120,1
LF:94
LH:93
BRDA:15,0,0,6
BRDA:17,1,0,0
BRDA:21,2,0,10
BRDA:29,3,0,2
BRDA:32,4,0,1
BRDA:31,5,0,2
BRDA:31,6,0,1
BRDA:36,7,0,5
BRDA:38,8,0,2
BRDA:51,9,0,10
BRDA:54,10,0,3
BRDA:55,11,0,0
BRDA:57,12,0,1
BRDA:57,13,0,2
BRDA:58,14,0,1
BRF:15
BRH:13
end_of_record
TN:
SF:src/lib/utils.ts
FN:4,groupCoins
FN:16,symbolFromType
FN:21,formatUnits
FN:34,buildSuiVisionTxUrl
FNF:4
FNH:4
FNDA:21,groupCoins
FNDA:8,symbolFromType
FNDA:8,formatUnits
FNDA:7,buildSuiVisionTxUrl
DA:4,1
DA:5,21
DA:6,21
DA:7,17
DA:8,17
DA:9,17
DA:10,17
DA:11,17
DA:12,17
DA:13,21
DA:14,21
DA:16,1
DA:17,8
DA:18,8
DA:19,8
DA:21,1
DA:22,8
DA:23,4
DA:24,4
DA:25,8
DA:26,8
DA:27,8
DA:28,8
DA:29,8
DA:30,8
DA:31,8
DA:32,8
DA:34,1
DA:35,7
DA:36,7
DA:37,7
DA:38,5
DA:39,5
LF:33
LH:33
BRDA:4,0,0,21
BRDA:6,1,0,17
BRDA:7,2,0,13
BRDA:13,3,0,4
BRDA:16,4,0,8
BRDA:18,5,0,1
BRDA:21,6,0,8
BRDA:22,7,0,4
BRDA:25,8,0,0
BRDA:25,9,0,4
BRDA:27,10,0,3
BRDA:27,11,0,1
BRDA:28,12,0,3
BRDA:28,13,0,1
BRDA:30,14,0,3
BRDA:30,15,0,1
BRDA:31,16,0,0
BRDA:31,17,0,4
BRDA:34,18,0,7
BRDA:36,19,0,1
BRDA:36,20,0,6
BRDA:37,21,0,5
BRDA:37,22,0,1
BRF:23
BRH:21
end_of_record
